make --dry-run --always-make --keep-going --print-directory
make: Entering directory `/Users/amaribel/Desktop/FDF'
gcc -Imlx -c main.c -o main.o
 
gcc -Imlx -c ft_free.c -o ft_free.o
gcc -Imlx -c reading_file.c -o reading_file.o
gcc -Imlx -c draw.c -o draw.o
gcc -Imlx -c gradient.c -o gradient.o
gcc -Imlx -c utils.c -o utils.o
gcc -Imlx -c rotate.c -o rotate.o
gcc -Imlx -c data_init.c -o data_init.o
 
gcc -Imlx -c get_next_line/get_next_line.c -o get_next_line/get_next_line.o
gcc -Imlx -c get_next_line/get_next_line_utils.c -o get_next_line/get_next_line_utils.o
/Applications/Xcode.app/Contents/Developer/usr/bin/make -C ./libft
 
make[1]: Entering directory `/Users/amaribel/Desktop/FDF/libft'
 
gcc -Wall -Wextra -Werror -c ft_isalpha.c -o ft_isalpha.o
gcc -Wall -Wextra -Werror -c ft_isdigit.c -o ft_isdigit.o
gcc -Wall -Wextra -Werror -c ft_isalnum.c -o ft_isalnum.o
gcc -Wall -Wextra -Werror -c ft_isascii.c -o ft_isascii.o
 
gcc -Wall -Wextra -Werror -c ft_isprint.c -o ft_isprint.o
gcc -Wall -Wextra -Werror -c ft_strlen.c -o ft_strlen.o
gcc -Wall -Wextra -Werror -c ft_memset.c -o ft_memset.o
gcc -Wall -Wextra -Werror -c ft_bzero.c -o ft_bzero.o
gcc -Wall -Wextra -Werror -c ft_memcpy.c -o ft_memcpy.o
gcc -Wall -Wextra -Werror -c ft_memmove.c -o ft_memmove.o
gcc -Wall -Wextra -Werror -c ft_toupper.c -o ft_toupper.o
gcc -Wall -Wextra -Werror -c ft_tolower.c -o ft_tolower.o
gcc -Wall -Wextra -Werror -c ft_strchr.c -o ft_strchr.o
gcc -Wall -Wextra -Werror -c ft_strrchr.c -o ft_strrchr.o
gcc -Wall -Wextra -Werror -c ft_strncmp.c -o ft_strncmp.o
gcc -Wall -Wextra -Werror -c ft_memchr.c -o ft_memchr.o
 
gcc -Wall -Wextra -Werror -c ft_memcmp.c -o ft_memcmp.o
gcc -Wall -Wextra -Werror -c ft_strnstr.c -o ft_strnstr.o
gcc -Wall -Wextra -Werror -c ft_strlcpy.c -o ft_strlcpy.o
gcc -Wall -Wextra -Werror -c ft_strlcat.c -o ft_strlcat.o
gcc -Wall -Wextra -Werror -c ft_atoi.c -o ft_atoi.o
gcc -Wall -Wextra -Werror -c ft_calloc.c -o ft_calloc.o
gcc -Wall -Wextra -Werror -c ft_strdup.c -o ft_strdup.o
gcc -Wall -Wextra -Werror -c ft_substr.c -o ft_substr.o
gcc -Wall -Wextra -Werror -c ft_strjoin.c -o ft_strjoin.o
gcc -Wall -Wextra -Werror -c ft_putchar_fd.c -o ft_putchar_fd.o
 
gcc -Wall -Wextra -Werror -c ft_putstr_fd.c -o ft_putstr_fd.o
gcc -Wall -Wextra -Werror -c ft_putendl_fd.c -o ft_putendl_fd.o
gcc -Wall -Wextra -Werror -c ft_putnbr_fd.c -o ft_putnbr_fd.o
gcc -Wall -Wextra -Werror -c ft_strtrim.c -o ft_strtrim.o
gcc -Wall -Wextra -Werror -c ft_strmapi.c -o ft_strmapi.o
gcc -Wall -Wextra -Werror -c ft_split.c -o ft_split.o
gcc -Wall -Wextra -Werror -c ft_itoa.c -o ft_itoa.o
gcc -Wall -Wextra -Werror -c ft_striteri.c -o ft_striteri.o
ar rcs libft.a ft_isalpha.o ft_isdigit.o ft_isalnum.o ft_isascii.o ft_isprint.o ft_strlen.o ft_memset.o ft_bzero.o ft_memcpy.o ft_memmove.o ft_toupper.o ft_tolower.o ft_strchr.o ft_strrchr.o ft_strncmp.o ft_memchr.o ft_memcmp.o ft_strnstr.o ft_strlcpy.o ft_strlcat.o ft_atoi.o ft_calloc.o ft_strdup.o ft_substr.o ft_strjoin.o ft_putchar_fd.o ft_putstr_fd.o ft_putendl_fd.o ft_putnbr_fd.o ft_strtrim.o ft_strmapi.o ft_split.o ft_itoa.o ft_striteri.o
make[1]: Leaving directory `/Users/amaribel/Desktop/FDF/libft'
 
gcc -Wall -Wextra -Werror -Lmlx -lmlx -framework OpenGL -framework AppKit main.o ft_free.o reading_file.o draw.o gradient.o utils.o rotate.o data_init.o get_next_line/get_next_line.o get_next_line/get_next_line_utils.o ./libft/libft.a  -o fdf
echo "🦋\033[01;31mF\033[01;35mD\033[01;34mF \033[01;36mcompiled \033[00m🦋"
make: Leaving directory `/Users/amaribel/Desktop/FDF'
 
