make all --print-data-base --no-builtin-variables --no-builtin-rules --question
# GNU Make 3.81
# Copyright (C) 2006  Free Software Foundation, Inc.
# This is free software; see the source for copying conditions.
# There is NO warranty; not even for MERCHANTABILITY or FITNESS FOR A
# PARTICULAR PURPOSE.

# This program built for i386-apple-darwin11.3.0
 

# Make data base, printed on Sun Mar 13 19:05:16 2022

# Variables

# automatic
<D = $(patsubst %/,%,$(dir $<))
# automatic
?F = $(notdir $?)
# environment
VSCODE_LOG_NATIVE = false
# automatic
?D = $(patsubst %/,%,$(dir $?))
# automatic
 
@D = $(patsubst %/,%,$(dir $@))
# automatic
@F = $(notdir $@)
# makefile
CURDIR := /Users/amaribel/Desktop/FDF
# makefile
SHELL = /bin/sh
# makefile (from `Makefile', line 17)
RM = rm -f
# environment
VSCODE_NLS_CONFIG = {"locale":"en-us","availableLanguages":{},"_languagePackSupport":true}
# environment
_ = /usr/bin/make
# makefile (from `Makefile', line 23)
CFLAGS = -Wall -Wextra -Werror
# makefile (from `Makefile', line 6)
BLUE = \033[01;34m
# makefile (from `Makefile', line 1)
MAKEFILE_LIST :=  Makefile
# environment
VSCODE_VERBOSE_LOGGING = true
# makefile (from `Makefile', line 19)
OBJS = $(SRCS:.c=.o)
# environment
VSCODE_IPC_HOOK_EXTHOST = /var/folders/zz/zyxvpxvq6csfxvn_n003vn6h00yx9m/T/vscode-ipc-0688af2b-8ed6-449e-8664-fc510ee75355.sock
# environment
VSCODE_CWD = /
# environment
Apple_PubSub_Socket_Render = /private/tmp/com.apple.launchd.1zjP28KE5A/Render
# environment
PATH = /usr/local/bin:/usr/bin:/bin:/usr/sbin:/sbin:/usr/local/munki
# environment
VSCODE_LOG_STACK = false
# environment
ELECTRON_RUN_AS_NODE = 1
# makefile (from `Makefile', line 13)
LIB = ./libft/libft.a
# default
.FEATURES := target-specific order-only second-expansion else-if archives jobserver check-symlink
# environment
SSH_AUTH_SOCK = /private/tmp/com.apple.launchd.qoDLvf7TK8/Listeners
# automatic
%F = $(notdir $%)
# environment
VSCODE_PIPE_LOGGING = true
# environment
PWD = /Users/amaribel/Desktop/FDF
# environment
ORIGINAL_XDG_CURRENT_DESKTOP = undefined
# environment
VSCODE_AMD_ENTRYPOINT = vs/workbench/services/extensions/node/extensionHostProcess
# environment
HOME = /Users/amaribel
# default
MAKEFILEPATH := /Applications/Xcode.app/Contents/Developer/Makefiles
# environment
VSCODE_CODE_CACHE_PATH = /Users/amaribel/Library/Application Support/Code/CachedData/899d46d82c4c95423fb7e10e68eba52050e30ba3
# environment
LOGNAME = amaribel
# environment
APPLICATION_INSIGHTS_NO_DIAGNOSTIC_CHANNEL = true
# environment
VSCODE_HANDLES_UNCAUGHT_ERRORS = true
# automatic
^D = $(patsubst %/,%,$(dir $^))
# environment
XPC_FLAGS = 0x0
# default
MAKE = $(MAKE_COMMAND)
# default
MAKECMDGOALS := all
# makefile (from `Makefile', line 10)
SRCS = main.c ft_free.c reading_file.c draw.c gradient.c utils.c rotate.c data_init.c get_next_line/get_next_line.c get_next_line/get_next_line_utils.c 
# environment
SHLVL = 1
# makefile (from `Makefile', line 4)
WHITE = \033[00m
# makefile (from `Makefile', line 21)
CC = gcc
# default
MAKE_VERSION := 3.81
# environment
USER = amaribel
# makefile
.DEFAULT_GOAL := fdf
# makefile (from `Makefile', line 1)
NAME = fdf
# automatic
%D = $(patsubst %/,%,$(dir $%))
# default
MAKE_COMMAND := /Applications/Xcode.app/Contents/Developer/usr/bin/make
# default
.VARIABLES := 
# environment
TMPDIR = /var/folders/zz/zyxvpxvq6csfxvn_n003vn6h00yx9m/T/
# automatic
*F = $(notdir $*)
# environment
VSCODE_IPC_HOOK = /Users/amaribel/Library/Application Support/Code/1.63.2-main.sock
# makefile (from `Makefile', line 5)
RED = \033[01;31m
# makefile
MAKEFLAGS = Rrqp
# environment
MFLAGS = -Rrqp
# automatic
*D = $(patsubst %/,%,$(dir $*))
# environment
XPC_SERVICE_NAME = com.microsoft.VSCode.1256
# automatic
+D = $(patsubst %/,%,$(dir $+))
# makefile (from `Makefile', line 8)
CYAN = \033[01;36m
# automatic
+F = $(notdir $+)
# environment
__CF_USER_TEXT_ENCODING = 0xF7534:0x0:0x0
# default
MAKEFILES := 
# automatic
<F = $(notdir $<)
# environment
LC_ALL = C
# makefile (from `Makefile', line 15)
HEADER = fdf.h ./libft/libft.h ./get_next_line/get_next_line.h
# automatic
^F = $(notdir $^)
# default
SUFFIXES := 
# default
.INCLUDE_DIRS = /usr/local/include
# makefile (from `Makefile', line 7)
MAGENTA = \033[01;35m
# environment
MAKELEVEL := 0
# environment
LANG = C
# environment
VSCODE_PID = 41299
# variable set hash-table stats:
# Load=74/1024=7%, Rehash=0, Collisions=3/103=3%

# Pattern-specific Variable Values

# No pattern-specific variable values.

# Directories

# . (device 16777227, inode 1700669): 28 files, no impossibilities.
# get_next_line (device 16777227, inode 1700960): 6 files, no impossibilities so far.

# 34 files, no impossibilities in 2 directories.

# Implicit Rules

%.o: %.c
#  commands to execute (from `Makefile', line 31):
	@$(CC) -Imlx -c $< -o $@
	

# 1 implicit rules, 0 (0.0%) terminal.

# Files

# Not a target:
get_next_line/get_next_line.h:
#  Implicit rule search has been done.
#  Last modified 2022-01-29 20:12:02
#  File has been updated.
#  Successfully updated.
# variable set hash-table stats:
# Load=0/32=0%, Rehash=0, Collisions=0/0=0%

# Not a target:
ft_free.c:
#  Implicit rule search has been done.
#  Last modified 2022-03-13 10:17:57
#  File has been updated.
#  Successfully updated.
 
# variable set hash-table stats:
# Load=0/32=0%, Rehash=0, Collisions=0/0=0%

all: fdf
#  Phony target (prerequisite of .PHONY).
#  Command-line target.
#  Implicit rule search has not been done.
#  File does not exist.
#  File has been updated.
#  Successfully updated.
# variable set hash-table stats:
# Load=0/32=0%, Rehash=0, Collisions=0/0=0%

# Not a target:
utils.c:
#  Implicit rule search has been done.
#  Last modified 2022-03-13 10:18:28
#  File has been updated.
#  Successfully updated.
# variable set hash-table stats:
# Load=0/32=0%, Rehash=0, Collisions=0/0=0%

.PHONY: all clean fclean re
#  Implicit rule search has not been done.
#  Modification time never checked.
#  File has not been updated.

# Not a target:
main.c:
#  Implicit rule search has been done.
#  Last modified 2022-03-13 10:21:37
#  File has been updated.
#  Successfully updated.
# variable set hash-table stats:
# Load=0/32=0%, Rehash=0, Collisions=0/0=0%

data_init.o: data_init.c
#  Implicit rule search has been done.
#  Implicit/static pattern stem: `data_init'
#  Last modified 2022-03-13 10:41:26
#  File has been updated.
#  Successfully updated.
# variable set hash-table stats:
# Load=0/32=0%, Rehash=0, Collisions=0/0=0%
#  commands to execute (from `Makefile', line 31):
	@$(CC) -Imlx -c $< -o $@
	

# Not a target:
draw.c:
#  Implicit rule search has been done.
#  Last modified 2022-03-13 10:19:24
#  File has been updated.
#  Successfully updated.
# variable set hash-table stats:
# Load=0/32=0%, Rehash=0, Collisions=0/0=0%

rotate.o: rotate.c
#  Implicit rule search has been done.
#  Implicit/static pattern stem: `rotate'
#  Last modified 2022-03-13 10:41:26
#  File has been updated.
#  Successfully updated.
# variable set hash-table stats:
# Load=0/32=0%, Rehash=0, Collisions=0/0=0%
#  commands to execute (from `Makefile', line 31):
	@$(CC) -Imlx -c $< -o $@
	

get_next_line/get_next_line_utils.o: get_next_line/get_next_line_utils.c
#  Implicit rule search has been done.
#  Implicit/static pattern stem: `get_next_line/get_next_line_utils'
#  Last modified 2022-03-13 10:41:27
#  File has been updated.
#  Successfully updated.
# variable set hash-table stats:
# Load=0/32=0%, Rehash=0, Collisions=0/0=0%
#  commands to execute (from `Makefile', line 31):
	@$(CC) -Imlx -c $< -o $@
	

gradient.o: gradient.c
#  Implicit rule search has been done.
#  Implicit/static pattern stem: `gradient'
#  Last modified 2022-03-13 10:41:26
#  File has been updated.
#  Successfully updated.
# variable set hash-table stats:
# Load=0/32=0%, Rehash=0, Collisions=0/0=0%
#  commands to execute (from `Makefile', line 31):
	@$(CC) -Imlx -c $< -o $@
	

# Not a target:
.SUFFIXES:
#  Implicit rule search has not been done.
#  Modification time never checked.
#  File has not been updated.

# Not a target:
Makefile:
#  Implicit rule search has been done.
#  Last modified 2022-03-13 10:41:22
#  File has been updated.
#  Successfully updated.
# variable set hash-table stats:
# Load=0/32=0%, Rehash=0, Collisions=0/0=0%

# Not a target:
fdf.h:
#  Implicit rule search has been done.
#  Last modified 2022-03-13 10:40:01
#  File has been updated.
#  Successfully updated.
# variable set hash-table stats:
# Load=0/32=0%, Rehash=0, Collisions=0/0=0%

reading_file.o: reading_file.c
#  Implicit rule search has been done.
#  Implicit/static pattern stem: `reading_file'
#  Last modified 2022-03-13 10:41:26
#  File has been updated.
#  Successfully updated.
# variable set hash-table stats:
# Load=0/32=0%, Rehash=0, Collisions=0/0=0%
#  commands to execute (from `Makefile', line 31):
	@$(CC) -Imlx -c $< -o $@
	

fclean: clean
#  Phony target (prerequisite of .PHONY).
#  Implicit rule search has not been done.
#  File does not exist.
#  File has not been updated.
#  commands to execute (from `Makefile', line 40):
	$(RM) $(NAME) $(LIB)
	

# Not a target:
data_init.c:
#  Implicit rule search has been done.
#  Last modified 2022-03-13 10:17:57
#  File has been updated.
#  Successfully updated.
# variable set hash-table stats:
# Load=0/32=0%, Rehash=0, Collisions=0/0=0%

# Not a target:
rotate.c:
#  Implicit rule search has been done.
#  Last modified 2022-03-13 10:18:28
#  File has been updated.
#  Successfully updated.
# variable set hash-table stats:
# Load=0/32=0%, Rehash=0, Collisions=0/0=0%

# Not a target:
get_next_line/get_next_line_utils.c:
#  Implicit rule search has been done.
#  Last modified 2022-01-29 20:12:02
#  File has been updated.
#  Successfully updated.
# variable set hash-table stats:
# Load=0/32=0%, Rehash=0, Collisions=0/0=0%

get_next_line/get_next_line.o: get_next_line/get_next_line.c
#  Implicit rule search has been done.
#  Implicit/static pattern stem: `get_next_line/get_next_line'
#  Last modified 2022-03-13 10:41:27
#  File has been updated.
#  Successfully updated.
# variable set hash-table stats:
# Load=0/32=0%, Rehash=0, Collisions=0/0=0%
#  commands to execute (from `Makefile', line 31):
	@$(CC) -Imlx -c $< -o $@
	

# Not a target:
.DEFAULT:
#  Implicit rule search has not been done.
#  Modification time never checked.
#  File has not been updated.

# Not a target:
gradient.c:
#  Implicit rule search has been done.
#  Last modified 2022-03-08 12:48:54
#  File has been updated.
#  Successfully updated.
# variable set hash-table stats:
# Load=0/32=0%, Rehash=0, Collisions=0/0=0%

re: fclean all
#  Phony target (prerequisite of .PHONY).
#  Implicit rule search has not been done.
#  File does not exist.
#  File has not been updated.

clean:
#  Phony target (prerequisite of .PHONY).
#  Implicit rule search has not been done.
#  File does not exist.
#  File has not been updated.
#  commands to execute (from `Makefile', line 36):
	$(RM) $(OBJS) $(BOBJS)
	$(MAKE) clean -C ./libft
	

ft_free.o: ft_free.c
#  Implicit rule search has been done.
#  Implicit/static pattern stem: `ft_free'
#  Last modified 2022-03-13 10:41:26
#  File has been updated.
#  Successfully updated.
# variable set hash-table stats:
# Load=0/32=0%, Rehash=0, Collisions=0/0=0%
#  commands to execute (from `Makefile', line 31):
	@$(CC) -Imlx -c $< -o $@
	

utils.o: utils.c
#  Implicit rule search has been done.
#  Implicit/static pattern stem: `utils'
#  Last modified 2022-03-13 10:41:26
#  File has been updated.
#  Successfully updated.
# variable set hash-table stats:
# Load=0/32=0%, Rehash=0, Collisions=0/0=0%
#  commands to execute (from `Makefile', line 31):
	@$(CC) -Imlx -c $< -o $@
	

# Not a target:
reading_file.c:
#  Implicit rule search has been done.
#  Last modified 2022-03-13 10:39:52
#  File has been updated.
#  Successfully updated.
# variable set hash-table stats:
# Load=0/32=0%, Rehash=0, Collisions=0/0=0%

main.o: main.c
#  Implicit rule search has been done.
#  Implicit/static pattern stem: `main'
#  Last modified 2022-03-13 10:41:26
#  File has been updated.
#  Successfully updated.
# variable set hash-table stats:
# Load=0/32=0%, Rehash=0, Collisions=0/0=0%
#  commands to execute (from `Makefile', line 31):
	@$(CC) -Imlx -c $< -o $@
	

draw.o: draw.c
#  Implicit rule search has been done.
#  Implicit/static pattern stem: `draw'
#  Last modified 2022-03-13 10:41:26
#  File has been updated.
#  Successfully updated.
# variable set hash-table stats:
# Load=0/32=0%, Rehash=0, Collisions=0/0=0%
#  commands to execute (from `Makefile', line 31):
	@$(CC) -Imlx -c $< -o $@
	

# Not a target:
libft/libft.h:
#  Implicit rule search has been done.
#  Last modified 2022-01-29 20:12:02
#  File has been updated.
#  Successfully updated.
# variable set hash-table stats:
# Load=0/32=0%, Rehash=0, Collisions=0/0=0%

# Not a target:
get_next_line/get_next_line.c:
#  Implicit rule search has been done.
#  Last modified 2022-01-29 20:12:02
#  File has been updated.
#  Successfully updated.
# variable set hash-table stats:
# Load=0/32=0%, Rehash=0, Collisions=0/0=0%

fdf: main.o ft_free.o reading_file.o draw.o gradient.o utils.o rotate.o data_init.o get_next_line/get_next_line.o get_next_line/get_next_line_utils.o fdf.h libft/libft.h get_next_line/get_next_line.h
#  Implicit rule search has not been done.
#  Last modified 2022-03-13 10:41:28
#  File has been updated.
#  Successfully updated.
 
# variable set hash-table stats:
# Load=0/32=0%, Rehash=0, Collisions=0/0=0%
#  commands to execute (from `Makefile', line 26):
	@$(MAKE) -C ./libft
	@$(CC) $(CFLAGS) -Lmlx -lmlx -framework OpenGL -framework AppKit $(OBJS) $(LIB)  -o ${NAME}
	@echo "🦋$(RED)F$(MAGENTA)D$(BLUE)F $(CYAN)compiled $(WHITE)🦋"
	

# files hash-table stats:
# Load=32/1024=3%, Rehash=0, Collisions=0/96=0%
# VPATH Search Paths

# No `vpath' search paths.

# No general (`VPATH' variable) search path.

# # of strings in strcache: 1
# # of strcache buffers: 1
# strcache size: total = 4096 / max = 4096 / min = 4096 / avg = 4096
# strcache free: total = 4087 / max = 4087 / min = 4087 / avg = 4087

# Finished Make data base on Sun Mar 13 19:05:16 2022

 
